# progress.log

✔️ - Solved
📈 - Improved
📝 - Attempted

2025-07-22
✔️ Easy: 0013 - Roman to Integer

2025-07-23
✔️ Easy: 0001 - Two Sum

2025-07-24
✔️ Easy: 0009 - Palindrome Number

2025-07-25
✔️ Easy: 0028 - Find the Index of the First Occurrence in a String
✔️ Easy: 0020 - Valid Parentheses
✔️ Easy: 0014 - Longest Common Prefix

2025-07-26
✔️ Easy: 0021 - Merge Two Sorted Lists

2025-07-27
✔️ Easy: 0026 - Remove Duplicates from Sorted Array
✔️ Easy: 0027 - Remove Element
✔️ Easy: 0058 - Length of Last Word
✔️ Easy: 0035 - Search Insert Position

2025-07-30
✔️ Easy: 0066 - Plus One

2025-07-31
✔️ Easy: 0067 - Add Binary

2025-08-01
✔️ Easy: 0069 - Sqrt(x)
✔️ Easy: 0083 - Remove Duplicates from Sorted List

2025-08-04
✔️ Easy: 0069 - Merge Sorted Array

2025-08-08
📝 Medium: 0003 - Longest Substring Without Repeating Characters
📝 Medium: 0006 - Zigzag Conversion
✔️ Medium: 0007 - Reverse Integer
✔️ Medium: 0008 - String to Integer (atoi)

2025-08-11
✔️ Medium: 0005 - Longest Palindromic Substring
✔️ Easy: 2395 - Find Subarrays With Equal Sum

2025-08-13
✔️ Easy: 326 - Power of Three
✔️ SQL 50: Problems 1 - 11

2025-08-14
✔️ SQL 50: Problems 12 - 16

2025-08-15
✔️ Easy: 2177 - Find Three Consecutive Integers That Sum to a Given Number

2025-12-30
📈 Easy: 0001 - Two Sum

2026-03-02
✔️ Medium: 0011 - Container With Most Water
📈 Easy: 0001 - Two Sum
📈 Easy: 0022 - Valid Parentheses
✔️ Medium: 0003 - Longest Substring Without Repeating Characters
📈 Easy: 0021 - Merge Two Sorted Lists

2026-03-03
📈 Easy: 0022 - Valid Parentheses (add solution on C)

2026-03-04
📈 Medium: 0003 - Longest Substring Without Repeating Characters

2026-03-06
📈 Easy: 1812 - Determine Color of a Chessboard Square

2026-03-09
✔️ Easy: 0118 - Pascal's Triangle
✔️ Easy: 0100 - Same Tree